=> Running 1 doc-ui test...
assert-local-storage... FAILED
[ERROR] line 3: The following errors happened: [localStorage item "something" (of value "whatever") != "null"; localStorage item "other" (of value "hehe") != "null"]: for command `assert-local-storage: {"something": "whatever", "other": "hehe"}`
    at <file://$CURRENT_DIR/tests/html_files/elements.html>
[ERROR] line 7: The following errors happened: [localStorage item "something" (of value "whatever") != "hello"]: for command `assert-local-storage: {"something": "whatever"}`
    at <file://$CURRENT_DIR/tests/html_files/elements.html>
[ERROR] line 10: The following errors happened: [localStorage item "something" (of value "hello") == "hello"]: for command `assert-local-storage-false: {"something": "hello"}`
    at <file://$CURRENT_DIR/tests/html_files/elements.html>
[ERROR] line 14: The following errors happened: [localStorage item "other" (of value "hehe") != "null"]: for command `assert-local-storage: {"something": "whatever", "other": "hehe"}`
    at <file://$CURRENT_DIR/tests/html_files/elements.html>
<= doc-ui tests done: 0 succeeded, 1 failed, 0 filtered out
