=> Running 1 doc-ui test...
error-before-variable-inference... FAILED
[ERROR] line 3: Unknown command "whatever"
<= doc-ui tests done: 0 succeeded, 1 failed, 0 filtered out
