=> Running 1 doc-ui test...
stop-at-fatal... FAILED
[ERROR] line 4: `#something` not found: for command `click: "#something"`
    at <file://$CURRENT_DIR/tests/html_files/elements.html>
<= doc-ui tests done: 0 succeeded, 1 failed, 0 filtered out
