=> Running 1 doc-ui test...
store2... 
`tests/ui/store2.goml`: FAILED
[ERROR] `tests/ui/store2.goml` line 7: The following errors happened: [`a value` isn't equal to `a key`]: for command `assert-variable: (local, "a key")`
    at <file://$CURRENT_DIR/tests/html_files/elements.html>
[ERROR] `tests/ui/store2.goml` line 12: The following errors happened: [`hey` isn't equal to `hoy`]: for command `assert-variable: (text, "hoy")`
    at <file://$CURRENT_DIR/tests/html_files/elements.html>
[ERROR] `tests/ui/store2.goml` line 19: The following errors happened: [`{"background-color":"rgb(17, 17, 17)"}` isn't equal to `a`]: for command `assert-variable: (css_checks, "a")`
    at <file://$CURRENT_DIR/tests/html_files/elements.html>
[ERROR] `tests/ui/store2.goml` line 22: The following errors happened: [`Other page` isn't equal to `Other`]: for command `assert-variable: (document_v, "Other")`
    at <file://$CURRENT_DIR/tests/html_files/elements.html>
[ERROR] `tests/ui/store2.goml` line 25: The following errors happened: [`0` isn't equal to `Other`]: for command `assert-variable: (window_v, "Other")`
    at <file://$CURRENT_DIR/tests/html_files/elements.html>
[ERROR] `tests/ui/store2.goml` line 66: Condition `|x| == 0 && |y| == 98` (`0 == 0 && 102 == 98`) was evaluated as false: for command `assert: |x| == 0 && |y| == 98`
    at <file://$CURRENT_DIR/tests/html_files/elements.html>
<= doc-ui tests done: 0 succeeded, 1 failed, 0 filtered out
