=> Running 1 doc-ui test...
wait-for-text-false... FAILED
[ERROR] line 12: Error: All checks still pass: for command `wait-for-text-false: ("#js-call-attr", "hello")`
    at <file://$CURRENT_DIR/tests/html_files/elements.html>
<= doc-ui tests done: 0 succeeded, 1 failed, 0 filtered out
