=> Running 1 doc-ui test...
wait-for-size-false... FAILED
[ERROR] line 15: The following errors happened: [expected a height of `26`, found `23`]: for command `assert-size: ("#js-change-size", {"height": 26, "width": 33})`
    at <file://$CURRENT_DIR/tests/html_files/elements.html>
<= doc-ui tests done: 0 succeeded, 1 failed, 0 filtered out
