=> Running 1 doc-ui test...
wait-for-attribute-false... FAILED
[ERROR] line 14: Error: All attributes still match: for command `wait-for-attribute-false: ("#created-one", {"data-a": "x"})`
    at <file://$CURRENT_DIR/tests/html_files/elements.html>
<= doc-ui tests done: 0 succeeded, 1 failed, 0 filtered out
